<?xml version="1.0" encoding="UTF-8"?>
<testng-results skipped="0" failed="0" ignored="0" total="1" passed="1">
  <reporter-output>
  </reporter-output>
  <suite name="Suite" duration-ms="83934" started-at="2019-03-03T08:14:28Z" finished-at="2019-03-03T08:15:52Z">
    <groups>
    </groups>
    <test name="Test" duration-ms="83934" started-at="2019-03-03T08:14:28Z" finished-at="2019-03-03T08:15:52Z">
      <class name="com.ActitimeTrial.TestrCases.TC_CreateCustomer_002">
        <test-method status="PASS" signature="setUp(java.lang.String)[pri:0, instance:com.ActitimeTrial.TestrCases.TC_CreateCustomer_002@685cb137]" name="setUp" is-config="true" duration-ms="37173" started-at="2019-03-03T08:14:28Z" finished-at="2019-03-03T08:15:06Z">
          <params>
            <param index="0">
              <value>
                <![CDATA[chrome]]>
              </value>
            </param>
          </params>
          <reporter-output>
          </reporter-output>
        </test-method> <!-- setUp -->
        <test-method status="PASS" signature="createCustomer()[pri:0, instance:com.ActitimeTrial.TestrCases.TC_CreateCustomer_002@685cb137]" name="createCustomer" duration-ms="45331" started-at="2019-03-03T08:15:06Z" finished-at="2019-03-03T08:15:51Z">
          <reporter-output>
          </reporter-output>
        </test-method> <!-- createCustomer -->
        <test-method status="PASS" signature="tearDown()[pri:0, instance:com.ActitimeTrial.TestrCases.TC_CreateCustomer_002@685cb137]" name="tearDown" is-config="true" duration-ms="1388" started-at="2019-03-03T08:15:51Z" finished-at="2019-03-03T08:15:52Z">
          <reporter-output>
          </reporter-output>
        </test-method> <!-- tearDown -->
      </class> <!-- com.ActitimeTrial.TestrCases.TC_CreateCustomer_002 -->
    </test> <!-- Test -->
  </suite> <!-- Suite -->
</testng-results>
